<?xml version="1.0" encoding="UTF-8"?>
<testng-results skipped="0" failed="0" ignored="0" total="1" passed="1">
  <reporter-output>
  </reporter-output>
  <suite name="Default suite" duration-ms="17832" started-at="2022-02-17T15:55:25Z" finished-at="2022-02-17T15:55:42Z">
    <groups>
    </groups>
    <test name="Default test" duration-ms="17832" started-at="2022-02-17T15:55:25Z" finished-at="2022-02-17T15:55:42Z">
      <class name="com.test.com.TestingApp">
        <test-method status="PASS" signature="setup()[pri:0, instance:com.test.com.TestingApp@419c5f1a]" name="setup" is-config="true" duration-ms="11756" started-at="2022-02-17T15:55:25Z" finished-at="2022-02-17T15:55:36Z">
          <reporter-output>
          </reporter-output>
        </test-method> <!-- setup -->
        <test-method status="PASS" signature="titleTest()[pri:0, instance:com.test.com.TestingApp@419c5f1a]" name="titleTest" duration-ms="6024" started-at="2022-02-17T15:55:36Z" finished-at="2022-02-17T15:55:42Z">
          <reporter-output>
          </reporter-output>
        </test-method> <!-- titleTest -->
        <test-method status="PASS" signature="teardown(org.testng.ITestResult)[pri:0, instance:com.test.com.TestingApp@419c5f1a]" name="teardown" is-config="true" duration-ms="4" started-at="2022-02-17T15:55:42Z" finished-at="2022-02-17T15:55:42Z">
          <params>
            <param index="0">
              <value>
                <![CDATA[[TestResult name=titleTest status=SUCCESS method=TestingApp.titleTest()[pri:0, instance:com.test.com.TestingApp@419c5f1a] output={null}]]]>
              </value>
            </param>
          </params>
          <reporter-output>
          </reporter-output>
        </test-method> <!-- teardown -->
      </class> <!-- com.test.com.TestingApp -->
    </test> <!-- Default test -->
  </suite> <!-- Default suite -->
</testng-results>
